<?xml version="1.0" encoding="UTF-8" ?>
<testsuite tests="9" failures="0" name="TestSuite" time="64.317" errors="0" skipped="0">
  <properties>
    <property name="java.vendor" value="Oracle Corporation"/>
    <property name="JOB_NAME" value="AmazonAutomation"/>
    <property name="RUN_TESTS_DISPLAY_URL" value="http://localhost:8080/job/AmazonAutomation/2/display/redirect?page=tests"/>
    <property name="sun.java.launcher" value="SUN_STANDARD"/>
    <property name="NUMBER_OF_PROCESSORS" value="4"/>
    <property name="sun.management.compiler" value="HotSpot 64-Bit Tiered Compilers"/>
    <property name="JENKINS_HOME" value="C:\WINDOWS\system32\config\systemprofile\AppData\Local\Jenkins\.jenkins"/>
    <property name="HUDSON_SERVER_COOKIE" value="1d3e87e146e25aee"/>
    <property name="POM_ARTIFACTID" value="Automation"/>
    <property name="os.name" value="Windows 10"/>
    <property name="sun.boot.class.path" value="C:\Program Files\Java\jdk1.8.0_291\jre\lib\resources.jar;C:\Program Files\Java\jdk1.8.0_291\jre\lib\rt.jar;C:\Program Files\Java\jdk1.8.0_291\jre\lib\sunrsasign.jar;C:\Program Files\Java\jdk1.8.0_291\jre\lib\jsse.jar;C:\Program Files\Java\jdk1.8.0_291\jre\lib\jce.jar;C:\Program Files\Java\jdk1.8.0_291\jre\lib\charsets.jar;C:\Program Files\Java\jdk1.8.0_291\jre\lib\jfr.jar;C:\Program Files\Java\jdk1.8.0_291\jre\classes"/>
    <property name="EXECUTOR_NUMBER" value="0"/>
    <property name="sun.desktop" value="windows"/>
    <property name="PATHEXT" value=".COM;.EXE;.BAT;.CMD;.VBS;.VBE;.JS;.JSE;.WSF;.WSH;.MSC"/>
    <property name="java.vm.specification.vendor" value="Oracle Corporation"/>
    <property name="POM_DISPLAYNAME" value="Automation"/>
    <property name="NODE_LABELS" value="master"/>
    <property name="TEMP" value="C:\WINDOWS\TEMP"/>
    <property name="java.runtime.version" value="1.8.0_291-b10"/>
    <property name="WINSW_SERVICE_ID" value="jenkins"/>
    <property name="user.name" value="LENOVO$"/>
    <property name="guice.disable.misplaced.annotation.check" value="true"/>
    <property name="CommonProgramW6432" value="C:\Program Files\Common Files"/>
    <property name="ProgramFiles" value="C:\Program Files"/>
    <property name="SW_SIM_TEMP" value="C:\ProgramData\SOLIDWORKS\SW_net_sim_temp\"/>
    <property name="user.language" value="en"/>
    <property name="JOB_BASE_NAME" value="AmazonAutomation"/>
    <property name="RUN_CHANGES_DISPLAY_URL" value="http://localhost:8080/job/AmazonAutomation/2/display/redirect?page=changes"/>
    <property name="BUILD_DISPLAY_NAME" value="#2"/>
    <property name="sun.boot.library.path" value="C:\Program Files\Java\jdk1.8.0_291\jre\bin"/>
    <property name="LOCALAPPDATA" value="C:\WINDOWS\system32\config\systemprofile\AppData\Local"/>
    <property name="java.version" value="1.8.0_291"/>
    <property name="PROCESSOR_LEVEL" value="6"/>
    <property name="user.timezone" value="Asia/Calcutta"/>
    <property name="USERNAME" value="LENOVO$"/>
    <property name="sun.arch.data.model" value="64"/>
    <property name="NODE_NAME" value="master"/>
    <property name="SW_SIM_MPIT" value="INTELMPI"/>
    <property name="java.endorsed.dirs" value="C:\Program Files\Java\jdk1.8.0_291\jre\lib\endorsed"/>
    <property name="BUILD_ID" value="2"/>
    <property name="sun.cpu.isalist" value="amd64"/>
    <property name="sun.jnu.encoding" value="Cp1252"/>
    <property name="file.encoding.pkg" value="sun.io"/>
    <property name="file.separator" value="\"/>
    <property name="java.specification.name" value="Java Platform API Specification"/>
    <property name="java.class.version" value="52.0"/>
    <property name="org.slf4j.simpleLogger.defaultLogLevel" value="info"/>
    <property name="user.country" value="US"/>
    <property name="ALLUSERSPROFILE" value="C:\ProgramData"/>
    <property name="java.home" value="C:\Program Files\Java\jdk1.8.0_291\jre"/>
    <property name="java.vm.info" value="mixed mode"/>
    <property name="os.version" value="10.0"/>
    <property name="SW_SIM_HYDRA" value="C:\Program Files\Common Files\SolidWorks Shared\Simulation Worker Agent\"/>
    <property name="RUN_DISPLAY_URL" value="http://localhost:8080/job/AmazonAutomation/2/display/redirect"/>
    <property name="POM_VERSION" value="0.0.1-SNAPSHOT"/>
    <property name="TMP" value="C:\WINDOWS\TEMP"/>
    <property name="RUN_ARTIFACTS_DISPLAY_URL" value="http://localhost:8080/job/AmazonAutomation/2/display/redirect?page=artifacts"/>
    <property name="path.separator" value=";"/>
    <property name="java.vm.version" value="25.291-b10"/>
    <property name="user.variant" value=""/>
    <property name="GIT_PREVIOUS_COMMIT" value="a69f0ebffba90f878e839115c9248f940fe08980"/>
    <property name="JOB_DISPLAY_URL" value="http://localhost:8080/job/AmazonAutomation/display/redirect"/>
    <property name="CommonProgramFiles(x86)" value="C:\Program Files (x86)\Common Files"/>
    <property name="java.awt.printerjob" value="sun.awt.windows.WPrinterJob"/>
    <property name="JAVA_HOME" value="C:\Program Files\Java\jdk1.8.0_291"/>
    <property name="sun.io.unicode.encoding" value="UnicodeLittle"/>
    <property name="CommonProgramFiles" value="C:\Program Files\Common Files"/>
    <property name="ComSpec" value="C:\WINDOWS\system32\cmd.exe"/>
    <property name="awt.toolkit" value="sun.awt.windows.WToolkit"/>
    <property name="POM_PACKAGING" value="jar"/>
    <property name="user.script" value=""/>
    <property name="COMPUTERNAME" value="LENOVO"/>
    <property name="SERVICE_ID" value="jenkins"/>
    <property name="POM_GROUPID" value="TestAmazon"/>
    <property name="user.home" value="C:\WINDOWS\system32\config\systemprofile"/>
    <property name="PUBLIC" value="C:\Users\Public"/>
    <property name="BUILD_TAG" value="jenkins-AmazonAutomation-2"/>
    <property name="JENKINS_SERVER_COOKIE" value="1d3e87e146e25aee"/>
    <property name="HUDSON_URL" value="http://localhost:8080/"/>
    <property name="ProgramData" value="C:\ProgramData"/>
    <property name="java.specification.vendor" value="Oracle Corporation"/>
    <property name="USERPROFILE" value="C:\WINDOWS\system32\config\systemprofile"/>
    <property name="CLASSPATH" value=""/>
    <property name="java.vendor.url" value="http://java.oracle.com/"/>
    <property name="java.library.path" value="C:\Program Files\Java\jdk1.8.0_291\bin;C:\WINDOWS\Sun\Java\bin;C:\WINDOWS\system32;C:\WINDOWS;C:\WINDOWS\system32\config\systemprofile\AppData\Local\Jenkins\.jenkins\tools\hudson.tasks.Maven_MavenInstallation\Maven/bin;C:\Program Files\Java\jdk1.8.0_291/bin;C:\Program Files\Java\jdk1.8.0_291/bin;C:\ProgramData\Oracle\Java\javapath;C:\Program Files\Java\jdk1.8.0_291\bin;C:\Program Files (x86)\Common Files\Oracle\Java\javapath;C:\Program Files (x86)\NVIDIA Corporation\PhysX\Common;C:\WINDOWS\system32;C:\WINDOWS;C:\WINDOWS\System32\Wbem;C:\WINDOWS\System32\WindowsPowerShell\v1.0\;c:\Program Files (x86)\Microsoft SQL Server\110\Tools\Binn\;c:\Program Files\Microsoft SQL Server\110\Tools\Binn\;c:\Program Files\Microsoft SQL Server\110\DTS\Binn\;C:\WINDOWS\System32\OpenSSH\;C:\Program Files (x86)\Windows Kits\8.1\Windows Performance Toolkit\;C:\Program Files\Git\cmd;C:\WINDOWS\system32\config\systemprofile\AppData\Local\Microsoft\WindowsApps;."/>
    <property name="java.vm.vendor" value="Oracle Corporation"/>
    <property name="APPDATA" value="C:\WINDOWS\system32\config\systemprofile\AppData\Roaming"/>
    <property name="java.runtime.name" value="Java(TM) SE Runtime Environment"/>
    <property name="maven.home" value="C:\Windows\System32\config\systemprofile\AppData\Local\Jenkins\.jenkins\tools\hudson.tasks.Maven_MavenInstallation\Maven"/>
    <property name="java.class.path" value="C:\WINDOWS\system32\config\systemprofile\AppData\Local\Jenkins\.jenkins\plugins\maven-plugin\WEB-INF\lib\maven33-agent-1.13.jar;C:\WINDOWS\system32\config\systemprofile\AppData\Local\Jenkins\.jenkins\tools\hudson.tasks.Maven_MavenInstallation\Maven\boot\plexus-classworlds-2.5.2.jar;C:\WINDOWS\system32\config\systemprofile\AppData\Local\Jenkins\.jenkins\tools\hudson.tasks.Maven_MavenInstallation\Maven/conf/logging"/>
    <property name="sun.java.command" value="jenkins.maven3.agent.Maven33Main C:\WINDOWS\system32\config\systemprofile\AppData\Local\Jenkins\.jenkins\tools\hudson.tasks.Maven_MavenInstallation\Maven C:\Windows\System32\config\systemprofile\AppData\Local\Jenkins\war\WEB-INF\lib\remoting-4.7.jar C:\WINDOWS\system32\config\systemprofile\AppData\Local\Jenkins\.jenkins\plugins\maven-plugin\WEB-INF\lib\maven33-interceptor-1.13.jar C:\WINDOWS\system32\config\systemprofile\AppData\Local\Jenkins\.jenkins\plugins\maven-plugin\WEB-INF\lib\maven3-interceptor-commons-1.13.jar 59830"/>
    <property name="Path" value="C:\Program Files\Java\jdk1.8.0_291/bin;C:\ProgramData\Oracle\Java\javapath;C:\Program Files\Java\jdk1.8.0_291\bin;C:\Program Files (x86)\Common Files\Oracle\Java\javapath;C:\Program Files (x86)\NVIDIA Corporation\PhysX\Common;C:\WINDOWS\system32;C:\WINDOWS;C:\WINDOWS\System32\Wbem;C:\WINDOWS\System32\WindowsPowerShell\v1.0\;c:\Program Files (x86)\Microsoft SQL Server\110\Tools\Binn\;c:\Program Files\Microsoft SQL Server\110\Tools\Binn\;c:\Program Files\Microsoft SQL Server\110\DTS\Binn\;C:\WINDOWS\System32\OpenSSH\;C:\Program Files (x86)\Windows Kits\8.1\Windows Performance Toolkit\;C:\Program Files\Git\cmd;C:\WINDOWS\system32\config\systemprofile\AppData\Local\Microsoft\WindowsApps"/>
    <property name="java.vm.specification.name" value="Java Virtual Machine Specification"/>
    <property name="PROCESSOR_ARCHITECTURE" value="AMD64"/>
    <property name="PATH+JDK" value="C:\Program Files\Java\jdk1.8.0_291/bin"/>
    <property name="PROCESSOR_IDENTIFIER" value="Intel64 Family 6 Model 69 Stepping 1, GenuineIntel"/>
    <property name="java.vm.specification.version" value="1.8"/>
    <property name="sun.os.patch.level" value=""/>
    <property name="sun.cpu.endian" value="little"/>
    <property name="M2_HOME" value="C:\WINDOWS\system32\config\systemprofile\AppData\Local\Jenkins\.jenkins\tools\hudson.tasks.Maven_MavenInstallation\Maven"/>
    <property name="java.io.tmpdir" value="C:\WINDOWS\TEMP\"/>
    <property name="CI" value="true"/>
    <property name="OS" value="Windows_NT"/>
    <property name="HUDSON_HOME" value="C:\WINDOWS\system32\config\systemprofile\AppData\Local\Jenkins\.jenkins"/>
    <property name="PATH+MAVEN" value="C:\WINDOWS\system32\config\systemprofile\AppData\Local\Jenkins\.jenkins\tools\hudson.tasks.Maven_MavenInstallation\Maven/bin"/>
    <property name="ProgramFiles(x86)" value="C:\Program Files (x86)"/>
    <property name="BUILD_URL" value="http://localhost:8080/job/AmazonAutomation/2/"/>
    <property name="java.vendor.url.bug" value="http://bugreport.sun.com/bugreport/"/>
    <property name="java.awt.graphicsenv" value="sun.awt.Win32GraphicsEnvironment"/>
    <property name="os.arch" value="amd64"/>
    <property name="SystemRoot" value="C:\WINDOWS"/>
    <property name="java.ext.dirs" value="C:\Program Files\Java\jdk1.8.0_291\jre\lib\ext;C:\WINDOWS\Sun\Java\lib\ext"/>
    <property name="user.dir" value="C:\Eclipse\eclipse\AmazonAutomation"/>
    <property name="JOB_URL" value="http://localhost:8080/job/AmazonAutomation/"/>
    <property name="USERDOMAIN" value="WORKGROUP"/>
    <property name="line.separator" value="
"/>
    <property name="MAVEN_HOME" value="C:\WINDOWS\system32\config\systemprofile\AppData\Local\Jenkins\.jenkins\tools\hudson.tasks.Maven_MavenInstallation\Maven"/>
    <property name="java.vm.name" value="Java HotSpot(TM) 64-Bit Server VM"/>
    <property name="BUILD_NUMBER" value="2"/>
    <property name="BASE" value="C:\Program Files\Jenkins"/>
    <property name="JENKINS_URL" value="http://localhost:8080/"/>
    <property name="PROCESSOR_REVISION" value="4501"/>
    <property name="GIT_BRANCH" value="origin/main"/>
    <property name="ProgramW6432" value="C:\Program Files"/>
    <property name="windir" value="C:\WINDOWS"/>
    <property name="GIT_COMMIT" value="a69f0ebffba90f878e839115c9248f940fe08980"/>
    <property name="file.encoding" value="Cp1252"/>
    <property name="SystemDrive" value="C:"/>
    <property name="maven3.interceptor" value="C:\WINDOWS\system32\config\systemprofile\AppData\Local\Jenkins\.jenkins\plugins\maven-plugin\WEB-INF\lib\maven33-interceptor-1.13.jar"/>
    <property name="WORKSPACE_TMP" value="C:\WINDOWS\system32\config\systemprofile\AppData\Local\Jenkins\.jenkins\workspace\AmazonAutomation@tmp"/>
    <property name="WORKSPACE" value="C:\WINDOWS\system32\config\systemprofile\AppData\Local\Jenkins\.jenkins\workspace\AmazonAutomation"/>
    <property name="maven3.interceptor.common" value="C:\WINDOWS\system32\config\systemprofile\AppData\Local\Jenkins\.jenkins\plugins\maven-plugin\WEB-INF\lib\maven3-interceptor-commons-1.13.jar"/>
    <property name="WINSW_EXECUTABLE" value="C:\Program Files\Jenkins\jenkins.exe"/>
    <property name="java.specification.version" value="1.8"/>
    <property name="PSModulePath" value="C:\Program Files\WindowsPowerShell\Modules;C:\WINDOWS\system32\WindowsPowerShell\v1.0\Modules;c:\Program Files (x86)\Microsoft SQL Server\110\Tools\PowerShell\Modules\"/>
    <property name="DriverData" value="C:\Windows\System32\Drivers\DriverData"/>
    <property name="GIT_URL" value="https://github.com/pearl95/AmazonAutomation.git"/>
  </properties>
  <testcase classname="com.AmazonAutomation.test.BuyNowPageTest" name="buyNowPageTitleTest" time="12.204"/>
  <testcase classname="com.AmazonAutomation.test.ProductSearchPageTest" name="productSearchPageTitleTest" time="0.008"/>
  <testcase classname="com.AmazonAutomation.test.HomePageTest" name="homePageTitleTest" time="0.007"/>
  <testcase classname="com.AmazonAutomation.test.LoginPageTest" name="loginPageTitleTest" time="0.008"/>
  <testcase classname="com.AmazonAutomation.test.PaymentPageTest" name="paymentActivity" time="9.323"/>
  <testcase classname="com.AmazonAutomation.test.BuyNowPageTest" name="buyNowClick" time="17.38"/>
  <testcase classname="com.AmazonAutomation.test.HomePageTest" name="homePageSignIn" time="7.496"/>
  <testcase classname="com.AmazonAutomation.test.LoginPageTest" name="loginPageSignIn" time="7.899"/>
  <testcase classname="com.AmazonAutomation.test.ProductSearchPageTest" name="ProductSearchAndClick" time="9.992"/>
</testsuite>