<?xml version="1.0" encoding="UTF-8"?>
<!-- Generated by org.testng.reporters.JUnitReportReporter -->
<testsuite skipped="0" hostname="LENOVO" name="com.AmazonAutomation.test.ProductSearchPageTest" tests="2" failures="0" timestamp="30 Jun 2021 09:20:57 GMT" time="96.138" errors="0">
  <testcase name="productSearchPageTitleTest" time="45.559" classname="com.AmazonAutomation.test.ProductSearchPageTest"/>
  <testcase name="ProductSearchAndClick" time="50.579" classname="com.AmazonAutomation.test.ProductSearchPageTest"/>
</testsuite> <!-- com.AmazonAutomation.test.ProductSearchPageTest -->
