<?xml version="1.0" encoding="UTF-8"?>
<!-- Generated by org.testng.reporters.JUnitReportReporter -->
<testsuite skipped="0" hostname="LENOVO" name="com.AmazonAutomation.test.BuyNowPageTest" tests="1" failures="0" timestamp="29 Jun 2021 20:07:08 GMT" time="85.458" errors="0">
  <testcase name="buyNowPageTitleTest" time="85.458" classname="com.AmazonAutomation.test.BuyNowPageTest"/>
</testsuite> <!-- com.AmazonAutomation.test.BuyNowPageTest -->
