<?xml version="1.0" encoding="UTF-8"?>
<!-- Generated by org.testng.reporters.JUnitReportReporter -->
<testsuite skipped="0" hostname="LENOVO" name="com.AmazonAutomation.test.LoginPageTest" tests="2" failures="0" timestamp="29 Jun 2021 19:56:17 GMT" time="33.112" errors="0">
  <testcase name="loginPageTitleTest" time="16.973" classname="com.AmazonAutomation.test.LoginPageTest"/>
  <testcase name="loginPageSignIn" time="16.139" classname="com.AmazonAutomation.test.LoginPageTest"/>
</testsuite> <!-- com.AmazonAutomation.test.LoginPageTest -->
