<?xml version="1.0" encoding="UTF-8"?>
<!-- Generated by org.testng.reporters.JUnitReportReporter -->
<testsuite skipped="0" hostname="LENOVO" name="com.AmazonAutomation.test.LoginPageTest" tests="2" failures="0" timestamp="30 Jun 2021 09:20:57 GMT" time="42.871" errors="0">
  <testcase name="loginPageTitleTest" time="19.759" classname="com.AmazonAutomation.test.LoginPageTest"/>
  <testcase name="loginPageSignIn" time="23.112" classname="com.AmazonAutomation.test.LoginPageTest"/>
</testsuite> <!-- com.AmazonAutomation.test.LoginPageTest -->
