<?xml version="1.0" encoding="UTF-8"?>
<!-- Generated by org.testng.reporters.JUnitReportReporter -->
<testsuite skipped="0" hostname="LENOVO" name="com.AmazonAutomation.test.PaymentPageTest" tests="2" failures="0" timestamp="30 Jun 2021 09:20:57 GMT" time="153.652" errors="0">
  <testcase name="paymentPageTitleTest" time="65.789" classname="com.AmazonAutomation.test.PaymentPageTest"/>
  <testcase name="paymentActivity" time="87.863" classname="com.AmazonAutomation.test.PaymentPageTest"/>
</testsuite> <!-- com.AmazonAutomation.test.PaymentPageTest -->
