<?xml version="1.0" encoding="UTF-8"?>
<!-- Generated by org.testng.reporters.JUnitReportReporter -->
<testsuite skipped="0" hostname="LENOVO" name="com.AmazonAutomation.test.PaymentPageTest" tests="1" failures="0" timestamp="29 Jun 2021 19:56:17 GMT" time="65.017" errors="0">
  <testcase name="paymentActivity" time="65.017" classname="com.AmazonAutomation.test.PaymentPageTest"/>
</testsuite> <!-- com.AmazonAutomation.test.PaymentPageTest -->
