<?xml version="1.0" encoding="UTF-8"?>
<!-- Generated by org.testng.reporters.JUnitReportReporter -->
<testsuite skipped="0" hostname="LENOVO" name="com.AmazonAutomation.test.HomePageTest" tests="2" failures="0" timestamp="30 Jun 2021 09:20:57 GMT" time="49.092" errors="0">
  <testcase name="homePageTitleTest" time="27.319" classname="com.AmazonAutomation.test.HomePageTest"/>
  <testcase name="homePageSignIn" time="21.773" classname="com.AmazonAutomation.test.HomePageTest"/>
</testsuite> <!-- com.AmazonAutomation.test.HomePageTest -->
