<?xml version="1.0" encoding="UTF-8"?>
<!-- Generated by org.testng.reporters.JUnitReportReporter -->
<testsuite skipped="0" hostname="LENOVO" name="com.AmazonAutomation.test.BuyNowPageTest" tests="2" failures="0" timestamp="30 Jun 2021 09:20:57 GMT" time="131.797" errors="0">
  <testcase name="buyNowPagePriceTest" time="63.222" classname="com.AmazonAutomation.test.BuyNowPageTest"/>
  <testcase name="buyNowClick" time="68.575" classname="com.AmazonAutomation.test.BuyNowPageTest"/>
</testsuite> <!-- com.AmazonAutomation.test.BuyNowPageTest -->
