<?xml version="1.0" encoding="UTF-8"?>
<!-- Generated by org.testng.reporters.JUnitReportReporter -->
<testsuite skipped="0" hostname="LENOVO" name="com.AmazonAutomation.test.HomePageTest" tests="2" failures="0" timestamp="29 Jun 2021 19:56:17 GMT" time="36.024" errors="0">
  <testcase name="homePageTitleTest" time="18.077" classname="com.AmazonAutomation.test.HomePageTest"/>
  <testcase name="homePageSignIn" time="17.947" classname="com.AmazonAutomation.test.HomePageTest"/>
</testsuite> <!-- com.AmazonAutomation.test.HomePageTest -->
