<?xml version="1.0" encoding="UTF-8"?>
<!-- Generated by org.testng.reporters.JUnitReportReporter -->
<testsuite skipped="0" hostname="LENOVO" name="com.AmazonAutomation.test.ProductSearchPageTest" tests="2" failures="0" timestamp="29 Jun 2021 19:56:17 GMT" time="64.886" errors="0">
  <testcase name="productSearchPageTitleTest" time="35.730" classname="com.AmazonAutomation.test.ProductSearchPageTest"/>
  <testcase name="ProductSearchAndClick" time="29.156" classname="com.AmazonAutomation.test.ProductSearchPageTest"/>
</testsuite> <!-- com.AmazonAutomation.test.ProductSearchPageTest -->
