<?xml version="1.0" encoding="UTF-8"?>
<!-- Generated by org.testng.reporters.JUnitReportReporter -->
<testsuite skipped="0" hostname="LENOVO" name="com.AmazonAutomation.test.HomePageTest" tests="2" failures="0" timestamp="30 Jun 2021 05:18:09 GMT" time="35.391" errors="0">
  <testcase name="homePageTitleTest" time="14.655" classname="com.AmazonAutomation.test.HomePageTest"/>
  <testcase name="homePageSignIn" time="20.736" classname="com.AmazonAutomation.test.HomePageTest"/>
</testsuite> <!-- com.AmazonAutomation.test.HomePageTest -->
