<?xml version="1.0" encoding="UTF-8"?>
<!-- Generated by org.testng.reporters.JUnitReportReporter -->
<testsuite skipped="0" hostname="LENOVO" name="com.AmazonAutomation.test.PaymentPageTest" tests="1" failures="0" timestamp="30 Jun 2021 05:18:09 GMT" time="65.397" errors="0">
  <testcase name="paymentActivity" time="65.397" classname="com.AmazonAutomation.test.PaymentPageTest"/>
</testsuite> <!-- com.AmazonAutomation.test.PaymentPageTest -->
