<?xml version="1.0" encoding="UTF-8"?>
<!-- Generated by org.testng.reporters.JUnitReportReporter -->
<testsuite skipped="0" hostname="LENOVO" name="com.AmazonAutomation.test.BuyNowPageTest" tests="2" failures="0" timestamp="30 Jun 2021 05:18:09 GMT" time="115.987" errors="0">
  <testcase name="buyNowPageTitleTest" time="62.201" classname="com.AmazonAutomation.test.BuyNowPageTest"/>
  <testcase name="buyNowClick" time="53.786" classname="com.AmazonAutomation.test.BuyNowPageTest"/>
</testsuite> <!-- com.AmazonAutomation.test.BuyNowPageTest -->
