<?xml version="1.0" encoding="UTF-8"?>
<!-- Generated by org.testng.reporters.JUnitReportReporter -->
<testsuite skipped="0" hostname="LENOVO" name="com.AmazonAutomation.test.ProductSearchPageTest" tests="2" failures="0" timestamp="30 Jun 2021 05:18:09 GMT" time="75.038" errors="0">
  <testcase name="productSearchPageTitleTest" time="33.900" classname="com.AmazonAutomation.test.ProductSearchPageTest"/>
  <testcase name="ProductSearchAndClick" time="41.138" classname="com.AmazonAutomation.test.ProductSearchPageTest"/>
</testsuite> <!-- com.AmazonAutomation.test.ProductSearchPageTest -->
