<?xml version="1.0" encoding="UTF-8"?>
<!-- Generated by org.testng.reporters.JUnitReportReporter -->
<testsuite skipped="0" hostname="LENOVO" name="com.AmazonAutomation.test.LoginPageTest" tests="2" failures="0" timestamp="30 Jun 2021 05:18:09 GMT" time="50.144" errors="0">
  <testcase name="loginPageTitleTest" time="20.412" classname="com.AmazonAutomation.test.LoginPageTest"/>
  <testcase name="loginPageSignIn" time="29.732" classname="com.AmazonAutomation.test.LoginPageTest"/>
</testsuite> <!-- com.AmazonAutomation.test.LoginPageTest -->
